============================================================
   Tang Dynasty, V5.6.71036
      Copyright (c) 2012-2023 Anlogic Inc.
   Executable = D:/softwares/TD5.6/bin/td.exe
   Built at =   20:34:38 Mar 21 2023
   Run by =     78141
   Run Date =   Sat Jun 29 18:22:03 2024

   Run on =     XIAOMA
============================================================
RUN-1002 : start command "open_project uart.prj"
RUN-1001 : Print Global Property
RUN-1001 : ---------------------------------------------------------------
RUN-1001 :        Parameters        |  Settings  |  Default Values  |  Note  
RUN-1001 : ---------------------------------------------------------------
RUN-1001 :          message         |  standard  |     standard     |        
RUN-1001 :   mixed_pack_place_flow  |     on     |        on        |        
RUN-1001 :        qor_monitor       |    off     |       off        |        
RUN-1001 :        syn_ip_flow       |    off     |       off        |        
RUN-1001 :          thread          |    auto    |       auto       |        
RUN-1001 : ---------------------------------------------------------------
RUN-1001 : Print Design Property
RUN-1001 : --------------------------------------------------------------
RUN-1001 :        Parameters       |  Settings  |  Default Values  |  Note  
RUN-1001 : --------------------------------------------------------------
RUN-1001 :   default_reg_initial   |    auto    |       auto       |        
RUN-1001 :        infer_add        |     on     |        on        |        
RUN-1001 :        infer_fsm        |    off     |       off        |        
RUN-1001 :        infer_mult       |     on     |        on        |        
RUN-1001 :        infer_ram        |     on     |        on        |        
RUN-1001 :        infer_reg        |     on     |        on        |        
RUN-1001 :   infer_reg_init_value  |     on     |        on        |        
RUN-1001 :        infer_rom        |     on     |        on        |        
RUN-1001 :      infer_shifter      |     on     |        on        |        
RUN-1001 : --------------------------------------------------------------
RUN-1001 : Print Rtl Property
RUN-1001 : --------------------------------------------------------------
RUN-1001 :        Parameters       |  Settings  |  Default Values  |  Note  
RUN-1001 : --------------------------------------------------------------
RUN-1001 :       compress_add      |   ripple   |      ripple      |        
RUN-1001 :        elf_sload        |    off     |       off        |        
RUN-1001 :       fix_undriven      |     0      |        0         |        
RUN-1001 :         flatten         |    off     |       off        |        
RUN-1001 :       gate_sharing      |     on     |        on        |        
RUN-1001 :    hdl_warning_level    |   normal   |      normal      |        
RUN-1001 :   impl_internal_tribuf  |     on     |        on        |        
RUN-1001 :      impl_set_reset     |     on     |        on        |        
RUN-1001 :        infer_gsr        |    off     |       off        |        
RUN-1001 :      keep_hierarchy     |    auto    |       auto       |        
RUN-1001 :        max_fanout       |    9999    |       9999       |        
RUN-1001 :      max_oh2bin_len     |     10     |        10        |        
RUN-1001 :       merge_equal       |     on     |        on        |        
RUN-1001 :       merge_equiv       |     on     |        on        |        
RUN-1001 :        merge_mux        |    off     |       off        |        
RUN-1001 :     min_control_set     |     8      |        8         |        
RUN-1001 :      min_ripple_len     |    auto    |       auto       |        
RUN-1001 :       oh2bin_ratio      |    0.08    |       0.08       |        
RUN-1001 :     opt_adder_fanout    |     on     |        on        |        
RUN-1001 :        opt_arith        |     on     |        on        |        
RUN-1001 :       opt_big_gate      |    off     |       off        |        
RUN-1001 :        opt_const        |     on     |        on        |        
RUN-1001 :      opt_const_mult     |     on     |        on        |        
RUN-1001 :       opt_lessthan      |     on     |        on        |        
RUN-1001 :         opt_mux         |    off     |       off        |        
RUN-1001 :         opt_ram         |    high    |       high       |        
RUN-1001 :      rtl_sim_model      |    off     |       off        |        
RUN-1001 :         seq_syn         |     on     |        on        |        
RUN-1001 : --------------------------------------------------------------
HDL-1007 : analyze verilog file ../../../rtl/rx_temp/LED_display_module.v
HDL-5007 WARNING: empty port in module declaration in ../../../rtl/rx_temp/LED_display_module.v(3)
HDL-1007 : analyze verilog file ../../../rtl/rx_temp/detect_module.v
HDL-1007 : analyze verilog file ../../../rtl/rx_temp/rx_bps_module.v
HDL-1007 : analyze verilog file ../../../rtl/rx_temp/rx_control_module.v
HDL-1007 : analyze verilog file ../../../rtl/rx_temp/rx_top.v
HDL-1007 : analyze verilog file ../../../rtl/tx_temp/tx_bps_module.v
HDL-1007 : analyze verilog file ../../../rtl/tx_temp/tx_control_module.v
HDL-1007 : analyze verilog file ../../../rtl/tx_temp/tx_top.v
HDL-1007 : analyze verilog file ../../../rtl/uart_top.v
RUN-1001 : Project manager successfully analyzed 9 source files.
RUN-1002 : start command "import_device eagle_s20.db -package EG4S20BG256"
ARC-1001 : Device Initialization.
ARC-1001 : ------------------------------------------------------------------
ARC-1001 :            OPTION            |          IO          |   SETTING   
ARC-1001 : ------------------------------------------------------------------
ARC-1001 :   cso_b/cclk/mosi/miso/dout  |  T3/R11/T10/P10/S11  |    gpio    
ARC-1001 :             done             |         P13          |    gpio    
ARC-1001 :           program_b          |          T2          |  dedicate  
ARC-1001 :        tdi/tms/tck/tdo       |   C12/A15/C14/E14    |  dedicate  
ARC-1001 : ------------------------------------------------------------------
ARC-1004 : Device setting, marked 5 dedicate IOs in total.
RUN-1002 : start command "elaborate -top uart_top"
RUN-1001 : Print Design Property
RUN-1001 : --------------------------------------------------------------
RUN-1001 :        Parameters       |  Settings  |  Default Values  |  Note  
RUN-1001 : --------------------------------------------------------------
RUN-1001 :   default_reg_initial   |    auto    |       auto       |        
RUN-1001 :        infer_add        |     on     |        on        |        
RUN-1001 :        infer_fsm        |    off     |       off        |        
RUN-1001 :        infer_mult       |     on     |        on        |        
RUN-1001 :        infer_ram        |     on     |        on        |        
RUN-1001 :        infer_reg        |     on     |        on        |        
RUN-1001 :   infer_reg_init_value  |     on     |        on        |        
RUN-1001 :        infer_rom        |     on     |        on        |        
RUN-1001 :      infer_shifter      |     on     |        on        |        
RUN-1001 : --------------------------------------------------------------
RUN-1001 : Print Rtl Property
RUN-1001 : --------------------------------------------------------------
RUN-1001 :        Parameters       |  Settings  |  Default Values  |  Note  
RUN-1001 : --------------------------------------------------------------
RUN-1001 :       compress_add      |   ripple   |      ripple      |        
RUN-1001 :        elf_sload        |    off     |       off        |        
RUN-1001 :       fix_undriven      |     0      |        0         |        
RUN-1001 :         flatten         |    off     |       off        |        
RUN-1001 :       gate_sharing      |     on     |        on        |        
RUN-1001 :    hdl_warning_level    |   normal   |      normal      |        
RUN-1001 :   impl_internal_tribuf  |     on     |        on        |        
RUN-1001 :      impl_set_reset     |     on     |        on        |        
RUN-1001 :        infer_gsr        |    off     |       off        |        
RUN-1001 :      keep_hierarchy     |    auto    |       auto       |        
RUN-1001 :        max_fanout       |    9999    |       9999       |        
RUN-1001 :      max_oh2bin_len     |     10     |        10        |        
RUN-1001 :       merge_equal       |     on     |        on        |        
RUN-1001 :       merge_equiv       |     on     |        on        |        
RUN-1001 :        merge_mux        |    off     |       off        |        
RUN-1001 :     min_control_set     |     8      |        8         |        
RUN-1001 :      min_ripple_len     |    auto    |       auto       |        
RUN-1001 :       oh2bin_ratio      |    0.08    |       0.08       |        
RUN-1001 :     opt_adder_fanout    |     on     |        on        |        
RUN-1001 :        opt_arith        |     on     |        on        |        
RUN-1001 :       opt_big_gate      |    off     |       off        |        
RUN-1001 :        opt_const        |     on     |        on        |        
RUN-1001 :      opt_const_mult     |     on     |        on        |        
RUN-1001 :       opt_lessthan      |     on     |        on        |        
RUN-1001 :         opt_mux         |    off     |       off        |        
RUN-1001 :         opt_ram         |    high    |       high       |        
RUN-1001 :      rtl_sim_model      |    off     |       off        |        
RUN-1001 :         seq_syn         |     on     |        on        |        
RUN-1001 : --------------------------------------------------------------
RUN-1001 : Print Global Property
RUN-1001 : ---------------------------------------------------------------
RUN-1001 :        Parameters        |  Settings  |  Default Values  |  Note  
RUN-1001 : ---------------------------------------------------------------
RUN-1001 :          message         |  standard  |     standard     |        
RUN-1001 :   mixed_pack_place_flow  |     on     |        on        |        
RUN-1001 :        qor_monitor       |    off     |       off        |        
RUN-1001 :        syn_ip_flow       |    off     |       off        |        
RUN-1001 :          thread          |    auto    |       auto       |        
RUN-1001 : ---------------------------------------------------------------
RUN-1001 : Print Design Property
RUN-1001 : --------------------------------------------------------------
RUN-1001 :        Parameters       |  Settings  |  Default Values  |  Note  
RUN-1001 : --------------------------------------------------------------
RUN-1001 :   default_reg_initial   |    auto    |       auto       |        
RUN-1001 :        infer_add        |     on     |        on        |        
RUN-1001 :        infer_fsm        |    off     |       off        |        
RUN-1001 :        infer_mult       |     on     |        on        |        
RUN-1001 :        infer_ram        |     on     |        on        |        
RUN-1001 :        infer_reg        |     on     |        on        |        
RUN-1001 :   infer_reg_init_value  |     on     |        on        |        
RUN-1001 :        infer_rom        |     on     |        on        |        
RUN-1001 :      infer_shifter      |     on     |        on        |        
RUN-1001 : --------------------------------------------------------------
HDL-5007 WARNING: port 'TX_En_Sig' is not connected on this instance in ../../../rtl/uart_top.v(24)
HDL-1007 : elaborate module uart_top in ../../../rtl/uart_top.v(1)
HDL-1007 : elaborate module rx_top in ../../../rtl/rx_temp/rx_top.v(1)
HDL-1007 : elaborate module detect_module in ../../../rtl/rx_temp/detect_module.v(1)
HDL-1007 : elaborate module rx_bps_module in ../../../rtl/rx_temp/rx_bps_module.v(1)
HDL-1007 : elaborate module rx_control_module in ../../../rtl/rx_temp/rx_control_module.v(1)
HDL-1007 : elaborate module LED_display_module in ../../../rtl/rx_temp/LED_display_module.v(1)
HDL-5007 WARNING: actual bit length 32 differs from formal bit length 1 for port 'RX_En_Sig' in ../../../rtl/uart_top.v(16)
HDL-1007 : elaborate module tx_top in ../../../rtl/tx_temp/tx_top.v(1)
HDL-1007 : elaborate module tx_bps_module in ../../../rtl/tx_temp/tx_bps_module.v(1)
HDL-5007 WARNING: actual bit length 32 differs from formal bit length 1 for port 'Count_Sig' in ../../../rtl/tx_temp/tx_top.v(81)
HDL-1007 : elaborate module tx_control_module in ../../../rtl/tx_temp/tx_control_module.v(1)
HDL-5007 WARNING: input port 'TX_En_Sig' is not connected on this instance in ../../../rtl/uart_top.v(24)
HDL-1200 : Current top model is uart_top
HDL-1100 : Inferred 0 RAMs.
RUN-1002 : start command "export_db uart_elaborate.db"
RUN-1001 : Exported /
RUN-1001 : Exported flow parameters
RUN-1001 : Exported libs
RUN-1001 : Exported entities
RUN-1001 : Exported ports
RUN-1001 : Exported pins
RUN-1001 : Exported instances
RUN-1001 : Exported nets
RUN-1001 : Exported buses
RUN-1001 : Exported models
RUN-1001 : Exported congestions
RUN-1001 : Exported violations
RUN-1001 : Exported IO constraints
RUN-1001 : Exported Inst constraints
RUN-1002 : start command "read_adc ../../pin.adc"
RUN-1002 : start command "set_pin_assignment  clk   LOCATION = R7; IOSTANDARD = LVCMOS33; "
RUN-1002 : start command "set_pin_assignment  RSTn   LOCATION = A9; IOSTANDARD = LVCMOS33; "
RUN-1002 : start command "set_pin_assignment  RX_Pin_In   LOCATION = F12; IOSTANDARD = LVCMOS33; "
RUN-1002 : start command "set_pin_assignment  TX_Pin_Out   LOCATION = D12; IOSTANDARD = LVCMOS33; "
RUN-1002 : start command "set_pin_assignment  LED_Out[0]   LOCATION = B14; IOSTANDARD = LVCMOS33; "
RUN-1002 : start command "set_pin_assignment  LED_Out[1]   LOCATION = B15; IOSTANDARD = LVCMOS33; "
RUN-1002 : start command "set_pin_assignment  LED_Out[2]   LOCATION = B16; IOSTANDARD = LVCMOS33; "
RUN-1002 : start command "set_pin_assignment  LED_Out[3]   LOCATION = C15; IOSTANDARD = LVCMOS33; "
RUN-1002 : start command "set_pin_assignment  LED_Out[4]   LOCATION = C16; IOSTANDARD = LVCMOS33; "
RUN-1002 : start command "set_pin_assignment  LED_Out[5]   LOCATION = E13; IOSTANDARD = LVCMOS33; "
RUN-1002 : start command "set_pin_assignment  LED_Out[6]   LOCATION = E16; IOSTANDARD = LVCMOS33; "
RUN-1002 : start command "set_pin_assignment  LED_Out[7]   LOCATION = F16; IOSTANDARD = LVCMOS33; "
RUN-1001 : Starting of IO setups legality check.
RUN-1001 : Starting of IO setups legality check.
RUN-1001 : Starting of IO vref setups legality check.
RUN-1002 : start command "optimize_rtl"
RUN-1001 : Open license file D:/softwares/TD5.6/license/Anlogic.lic
RUN-1001 : Print Global Property
RUN-1001 : ---------------------------------------------------------------
RUN-1001 :        Parameters        |  Settings  |  Default Values  |  Note  
RUN-1001 : ---------------------------------------------------------------
RUN-1001 :          message         |  standard  |     standard     |        
RUN-1001 :   mixed_pack_place_flow  |     on     |        on        |        
RUN-1001 :        qor_monitor       |    off     |       off        |        
RUN-1001 :        syn_ip_flow       |    off     |       off        |        
RUN-1001 :          thread          |    auto    |       auto       |        
RUN-1001 : ---------------------------------------------------------------
RUN-1001 : Print Rtl Property
RUN-1001 : --------------------------------------------------------------
RUN-1001 :        Parameters       |  Settings  |  Default Values  |  Note  
RUN-1001 : --------------------------------------------------------------
RUN-1001 :       compress_add      |   ripple   |      ripple      |        
RUN-1001 :        elf_sload        |    off     |       off        |        
RUN-1001 :       fix_undriven      |     0      |        0         |        
RUN-1001 :         flatten         |    off     |       off        |        
RUN-1001 :       gate_sharing      |     on     |        on        |        
RUN-1001 :    hdl_warning_level    |   normal   |      normal      |        
RUN-1001 :   impl_internal_tribuf  |     on     |        on        |        
RUN-1001 :      impl_set_reset     |     on     |        on        |        
RUN-1001 :        infer_gsr        |    off     |       off        |        
RUN-1001 :      keep_hierarchy     |    auto    |       auto       |        
RUN-1001 :        max_fanout       |    9999    |       9999       |        
RUN-1001 :      max_oh2bin_len     |     10     |        10        |        
RUN-1001 :       merge_equal       |     on     |        on        |        
RUN-1001 :       merge_equiv       |     on     |        on        |        
RUN-1001 :        merge_mux        |    off     |       off        |        
RUN-1001 :     min_control_set     |     8      |        8         |        
RUN-1001 :      min_ripple_len     |    auto    |       auto       |        
RUN-1001 :       oh2bin_ratio      |    0.08    |       0.08       |        
RUN-1001 :     opt_adder_fanout    |     on     |        on        |        
RUN-1001 :        opt_arith        |     on     |        on        |        
RUN-1001 :       opt_big_gate      |    off     |       off        |        
RUN-1001 :        opt_const        |     on     |        on        |        
RUN-1001 :      opt_const_mult     |     on     |        on        |        
RUN-1001 :       opt_lessthan      |     on     |        on        |        
RUN-1001 :         opt_mux         |    off     |       off        |        
RUN-1001 :         opt_ram         |    high    |       high       |        
RUN-1001 :      rtl_sim_model      |    off     |       off        |        
RUN-1001 :         seq_syn         |     on     |        on        |        
RUN-1001 : --------------------------------------------------------------
SYN-1012 : SanityCheck: Model "uart_top"
SYN-1012 : SanityCheck: Model "rx_top"
SYN-1012 : SanityCheck: Model "detect_module"
SYN-1012 : SanityCheck: Model "rx_bps_module"
SYN-1012 : SanityCheck: Model "rx_control_module"
SYN-1012 : SanityCheck: Model "LED_display_module"
SYN-1012 : SanityCheck: Model "tx_top"
SYN-1012 : SanityCheck: Model "tx_bps_module"
SYN-1012 : SanityCheck: Model "tx_control_module"
SYN-1011 : Flatten model uart_top
SYN-1032 : 586/6 useful/useless nets, 163/0 useful/useless insts
SYN-1016 : Merged 27 instances.
SYN-1032 : 380/131 useful/useless nets, 106/9 useful/useless insts
SYN-1016 : Merged 28 instances.
SYN-1032 : 380/0 useful/useless nets, 297/75 useful/useless insts
SYN-1014 : Optimize round 1
SYN-1019 : Optimized 1 mux instances.
SYN-1020 : Optimized 29 distributor mux.
SYN-1019 : Optimized 24 mux instances.
SYN-1016 : Merged 38 instances.
SYN-1015 : Optimize round 1, 283 better
SYN-1014 : Optimize round 2
SYN-1032 : 307/0 useful/useless nets, 224/29 useful/useless insts
SYN-1015 : Optimize round 2, 29 better
SYN-1014 : Optimize round 1
SYN-1015 : Optimize round 1, 0 better
RUN-1002 : start command "report_area -file uart_rtl.area"
RUN-1001 : standard
***Report Model: uart_top Device: EG4S20BG256***

IO Statistics
#IO                        12
  #input                    3
  #output                   9
  #inout                    0

Gate Statistics
#Basic gates              156
  #and                     19
  #nand                     0
  #or                       0
  #nor                      0
  #xor                      0
  #xnor                     0
  #buf                      0
  #not                      6
  #bufif1                   0
  #MX21                    30
  #FADD                     0
  #DFF                    101
  #LATCH                    0
#MACRO_ADD                  8
#MACRO_EQ                   6
#MACRO_MUX                 33

Report Hierarchy Area:
+-------------------------------------------------------+
|Instance   |Module             |gates  |seq    |macros |
+-------------------------------------------------------+
|top        |uart_top           |55     |101    |14     |
|  u_rx_top |rx_top             |37     |48     |7      |
|    U1     |detect_module      |2      |2      |0      |
|    U2     |rx_bps_module      |15     |13     |3      |
|    U3     |rx_control_module  |18     |14     |2      |
|    U4     |LED_display_module |0      |8      |0      |
|  u_tx_top |tx_top             |18     |53     |7      |
|    U1     |tx_bps_module      |0      |13     |3      |
|    U2     |tx_control_module  |5      |6      |2      |
+-------------------------------------------------------+

RUN-1002 : start command "export_db uart_rtl.db"
RUN-1001 : Exported /
RUN-1001 : Exported flow parameters
RUN-1001 : Exported libs
RUN-1001 : Exported entities
RUN-1001 : Exported ports
RUN-1001 : Exported pins
RUN-1001 : Exported instances
RUN-1001 : Exported nets
RUN-1001 : Exported buses
RUN-1001 : Exported models
RUN-1001 : Exported congestions
RUN-1001 : Exported violations
RUN-1001 : Exported IO constraints
RUN-1001 : Exported Inst constraints
RUN-1002 : start command "optimize_gate -maparea uart_gate.area"
RUN-1001 : Open license file D:/softwares/TD5.6/license/Anlogic.lic
RUN-1001 : Print Global Property
RUN-1001 : ---------------------------------------------------------------
RUN-1001 :        Parameters        |  Settings  |  Default Values  |  Note  
RUN-1001 : ---------------------------------------------------------------
RUN-1001 :          message         |  standard  |     standard     |        
RUN-1001 :   mixed_pack_place_flow  |     on     |        on        |        
RUN-1001 :        qor_monitor       |    off     |       off        |        
RUN-1001 :        syn_ip_flow       |    off     |       off        |        
RUN-1001 :          thread          |    auto    |       auto       |        
RUN-1001 : ---------------------------------------------------------------
RUN-1001 : Print Gate Property
RUN-1001 : ------------------------------------------------------------------
RUN-1001 :          Parameters         |  Settings  |  Default Values  |  Note  
RUN-1001 : ------------------------------------------------------------------
RUN-1001 :         cascade_dsp         |    off     |       off        |        
RUN-1001 :         cascade_eram        |    off     |       off        |        
RUN-1001 :        gate_sim_model       |    off     |       off        |        
RUN-1001 :        map_sim_model        |    off     |       off        |        
RUN-1001 :         map_strategy        |     1      |        1         |        
RUN-1001 :           opt_area          |   medium   |      medium      |        
RUN-1001 :          opt_timing         |    auto    |       auto       |        
RUN-1001 :         pack_effort         |   medium   |      medium      |        
RUN-1001 :      pack_lslice_ripple     |     on     |        on        |        
RUN-1001 :   pack_lslice_ripple_ratio  |    0.5     |       0.5        |        
RUN-1001 :        pack_seq_in_io       |    auto    |       auto       |        
RUN-1001 :        ph1_mux_ratio        |    1.0     |       1.0        |        
RUN-1001 :            report           |  standard  |     standard     |        
RUN-1001 :           retiming          |    off     |       off        |        
RUN-1001 : ------------------------------------------------------------------
SYN-2001 : Map 12 IOs to PADs
SYN-1032 : 311/8 useful/useless nets, 227/9 useful/useless insts
RUN-1002 : start command "update_pll_param -module uart_top"
SYN-2501 : Processed 0 LOGIC_BUF instances.
SYN-2571 : Optimize after map_dsp, round 1
SYN-2571 : Optimize after map_dsp, round 1, 0 better
SYN-1001 : Throwback 13 control mux instances
SYN-2501 : Optimize round 1
SYN-1016 : Merged 18 instances.
SYN-2501 : Optimize round 1, 112 better
SYN-2501 : Optimize round 2
SYN-2501 : Optimize round 2, 0 better
SYN-2501 : Map 8 macro adder
SYN-1019 : Optimized 75 mux instances.
SYN-1016 : Merged 41 instances.
SYN-1032 : 583/12 useful/useless nets, 507/0 useful/useless insts
SYN-3001 : Running gate level optimization.
SYN-2581 : Mapping with K=5, #lut = 100 (3.56), #lev = 4 (2.98)
SYN-2551 : Post LUT mapping optimization.
SYN-2581 : Mapping with K=5, #lut = 100 (3.74), #lev = 3 (2.64)
SYN-3001 : Logic optimization runtime opt =   0.01 sec, map =   0.00 sec
SYN-3001 : Mapper mapped 310 instances into 100 LUTs, name keeping = 59%.
RUN-1002 : start command "report_area -file uart_gate.area"
RUN-1001 : standard
***Report Model: uart_top Device: EG4S20BG256***

IO Statistics
#IO                        12
  #input                    3
  #output                   9
  #inout                    0

LUT Statistics
#Total_luts               172
  #lut4                    80
  #lut5                    20
  #lut6                     0
  #lut5_mx41                0
  #lut4_alu1b              72

Utilization Statistics
#lut                      172   out of  19600    0.88%
#reg                       92   out of  19600    0.47%
#le                         0
#dsp                        0   out of     29    0.00%
#bram                       0   out of     64    0.00%
  #bram9k                   0
  #fifo9k                   0
#bram32k                    0   out of     16    0.00%
#pad                       12   out of    188    6.38%
  #ireg                     1
  #oreg                     9
  #treg                     0
#pll                        0   out of      4    0.00%

Report Hierarchy Area:
+---------------------------------------------------------------------------+
|Instance   |Module            |lut     |ripple  |seq     |bram    |dsp     |
+---------------------------------------------------------------------------+
|top        |uart_top          |100     |72      |102     |0       |0       |
|  u_rx_top |rx_top            |51      |25      |39      |0       |0       |
|    U1     |detect_module     |1       |0       |2       |0       |0       |
|    U2     |rx_bps_module     |18      |14      |13      |0       |0       |
|    U3     |rx_control_module |24      |0       |13      |0       |0       |
|  u_tx_top |tx_top            |49      |47      |53      |0       |0       |
|    U1     |tx_bps_module     |9       |14      |13      |0       |0       |
|    U2     |tx_control_module |19      |0       |6       |0       |0       |
+---------------------------------------------------------------------------+

SYN-1001 : Packing model "uart_top" ...
SYN-4010 : Pack lib has 58 rtl pack models with 25 top pack blocks
SYN-1014 : Optimize round 1
SYN-1015 : Optimize round 1, 0 better
SYN-4002 : Packing 92 DFF/LATCH to SEQ ...
SYN-4009 : Pack 2 carry chain into lslice
SYN-4007 : Packing 25 adder to BLE ...
SYN-4008 : Packed 25 adder and 15 SEQ to BLE.
SYN-4007 : Packing 0 gate4 to BLE ...
SYN-4008 : Packed 0 gate4 and 0 SEQ to BLE.
SYN-4012 : Packed 0 FxMUX
RUN-1002 : start command "legalize_phy_inst"
SYN-1011 : Flatten model uart_top
RUN-1002 : start command "export_db uart_gate.db"
RUN-1001 : Exported /
RUN-1001 : Exported flow parameters
RUN-1001 : Exported libs
RUN-1001 : Exported entities
RUN-1001 : Exported ports
RUN-1001 : Exported pins
RUN-1001 : Exported instances
RUN-1001 : Exported nets
RUN-1001 : Exported buses
RUN-1001 : Exported models
RUN-1001 : Exported congestions
RUN-1001 : Exported violations
RUN-1001 : Exported IO constraints
RUN-1001 : Exported Inst constraints
RUN-1002 : start command "backup_run_log run.log ../.logs/syn_1/td_20240629_182203.log"
RUN-1001 : Backing up run's log file succeed.
